I, [2018-10-17T12:08:43.626076 #30568]  INFO -- default-ubuntu-1804: -----> Converging <default-ubuntu-1804>...
I, [2018-10-17T12:08:43.626451 #30568]  INFO -- default-ubuntu-1804: Preparing files for transfer
I, [2018-10-17T12:08:43.626537 #30568]  INFO -- default-ubuntu-1804: Preparing playbook
I, [2018-10-17T12:08:43.626717 #30568]  INFO -- default-ubuntu-1804: Preparing inventory
I, [2018-10-17T12:08:43.626791 #30568]  INFO -- default-ubuntu-1804: Preparing modules
I, [2018-10-17T12:08:43.626986 #30568]  INFO -- default-ubuntu-1804: nothing to do for modules
I, [2018-10-17T12:08:43.627049 #30568]  INFO -- default-ubuntu-1804: Preparing roles
I, [2018-10-17T12:08:43.647702 #30568]  INFO -- default-ubuntu-1804: Preparing ansible.cfg file
I, [2018-10-17T12:08:43.647828 #30568]  INFO -- default-ubuntu-1804: Empty ansible.cfg generated
I, [2018-10-17T12:08:43.647961 #30568]  INFO -- default-ubuntu-1804: Preparing group_vars
I, [2018-10-17T12:08:43.648064 #30568]  INFO -- default-ubuntu-1804: nothing to do for group_vars
I, [2018-10-17T12:08:43.648128 #30568]  INFO -- default-ubuntu-1804: Preparing additional_copy_path
I, [2018-10-17T12:08:43.648215 #30568]  INFO -- default-ubuntu-1804: Preparing host_vars
I, [2018-10-17T12:08:43.648363 #30568]  INFO -- default-ubuntu-1804: nothing to do for host_vars
I, [2018-10-17T12:08:43.648400 #30568]  INFO -- default-ubuntu-1804: Preparing hosts file
I, [2018-10-17T12:08:43.648459 #30568]  INFO -- default-ubuntu-1804: Preparing spec
I, [2018-10-17T12:08:43.648510 #30568]  INFO -- default-ubuntu-1804: nothing to do for spec
I, [2018-10-17T12:08:43.648552 #30568]  INFO -- default-ubuntu-1804: Preparing library plugins
I, [2018-10-17T12:08:43.648627 #30568]  INFO -- default-ubuntu-1804: nothing to do for library plugins
I, [2018-10-17T12:08:43.648655 #30568]  INFO -- default-ubuntu-1804: Preparing callback plugins
I, [2018-10-17T12:08:43.648727 #30568]  INFO -- default-ubuntu-1804: nothing to do for callback plugins
I, [2018-10-17T12:08:43.648755 #30568]  INFO -- default-ubuntu-1804: Preparing filter_plugins
I, [2018-10-17T12:08:43.648826 #30568]  INFO -- default-ubuntu-1804: nothing to do for filter_plugins
I, [2018-10-17T12:08:43.648854 #30568]  INFO -- default-ubuntu-1804: Preparing lookup_plugins
I, [2018-10-17T12:08:43.648942 #30568]  INFO -- default-ubuntu-1804: nothing to do for lookup_plugins
I, [2018-10-17T12:08:43.648988 #30568]  INFO -- default-ubuntu-1804: Preparing ansible vault password
I, [2018-10-17T12:08:43.649042 #30568]  INFO -- default-ubuntu-1804: Preparing additional_ssh_private_keys
I, [2018-10-17T12:08:43.649089 #30568]  INFO -- default-ubuntu-1804: nothing to do for additional_ssh_private_keys
I, [2018-10-17T12:08:43.649117 #30568]  INFO -- default-ubuntu-1804: Finished Preparing files for transfer
I, [2018-10-17T12:08:43.649315 #30568]  INFO -- default-ubuntu-1804: Installing ansible, will try to determine platform os
I, [2018-10-17T12:08:44.264429 #30568]  INFO -- default-ubuntu-1804: Transferring files to <default-ubuntu-1804>
I, [2018-10-17T12:08:49.591035 #30568]  INFO -- default-ubuntu-1804: [1;35m [WARNING]: Found both group and host with same name: localhost[0m
I, [2018-10-17T12:08:49.591317 #30568]  INFO -- default-ubuntu-1804: [1;35m[0m
I, [2018-10-17T12:08:49.833443 #30568]  INFO -- default-ubuntu-1804: 
I, [2018-10-17T12:08:49.833946 #30568]  INFO -- default-ubuntu-1804: PLAY [localhost] ***************************************************************
I, [2018-10-17T12:08:49.840591 #30568]  INFO -- default-ubuntu-1804: 
I, [2018-10-17T12:08:49.840925 #30568]  INFO -- default-ubuntu-1804: TASK [Gathering Facts] *********************************************************
I, [2018-10-17T12:08:50.301853 #30568]  INFO -- default-ubuntu-1804: [0;32mok: [localhost][0m
I, [2018-10-17T12:08:50.314963 #30568]  INFO -- default-ubuntu-1804: 
I, [2018-10-17T12:08:50.315393 #30568]  INFO -- default-ubuntu-1804: TASK [ubuntu-laptop-playbook : Include OS specific variables.] *****************
I, [2018-10-17T12:08:50.334957 #30568]  INFO -- default-ubuntu-1804: [0;32mok: [localhost][0m
I, [2018-10-17T12:08:50.350325 #30568]  INFO -- default-ubuntu-1804: 
I, [2018-10-17T12:08:50.350613 #30568]  INFO -- default-ubuntu-1804: TASK [ubuntu-laptop-playbook : Ensure selected packages are present] ***********
I, [2018-10-17T12:08:50.408487 #30568]  INFO -- default-ubuntu-1804: [0;36mincluded: /tmp/kitchen/roles/ubuntu-laptop-playbook/tasks/packages/install.yml for localhost[0m
I, [2018-10-17T12:08:50.424429 #30568]  INFO -- default-ubuntu-1804: 
I, [2018-10-17T12:08:50.425609 #30568]  INFO -- default-ubuntu-1804: TASK [ubuntu-laptop-playbook : Install os packages] ****************************
I, [2018-10-17T12:08:51.298946 #30568]  INFO -- default-ubuntu-1804: [0;32mok: [localhost] => (item=ansible-lint)[0m
I, [2018-10-17T12:08:51.985909 #30568]  INFO -- default-ubuntu-1804: [0;32mok: [localhost] => (item=cryptsetup)[0m
I, [2018-10-17T12:08:52.655706 #30568]  INFO -- default-ubuntu-1804: [0;32mok: [localhost] => (item=ecryptfs-utils)[0m
I, [2018-10-17T12:08:53.346003 #30568]  INFO -- default-ubuntu-1804: [0;32mok: [localhost] => (item=filezilla)[0m
I, [2018-10-17T12:08:54.015724 #30568]  INFO -- default-ubuntu-1804: [0;32mok: [localhost] => (item=git)[0m
I, [2018-10-17T12:08:54.685964 #30568]  INFO -- default-ubuntu-1804: [0;32mok: [localhost] => (item=golang)[0m
I, [2018-10-17T12:08:55.365726 #30568]  INFO -- default-ubuntu-1804: [0;32mok: [localhost] => (item=keepassx)[0m
I, [2018-10-17T12:08:56.034113 #30568]  INFO -- default-ubuntu-1804: [0;32mok: [localhost] => (item=libssl-dev)[0m
I, [2018-10-17T12:08:56.695799 #30568]  INFO -- default-ubuntu-1804: [0;32mok: [localhost] => (item=nmap)[0m
I, [2018-10-17T12:08:57.365701 #30568]  INFO -- default-ubuntu-1804: [0;32mok: [localhost] => (item=openssh-server)[0m
I, [2018-10-17T12:08:58.055922 #30568]  INFO -- default-ubuntu-1804: [0;32mok: [localhost] => (item=openvpn)[0m
I, [2018-10-17T12:08:58.745560 #30568]  INFO -- default-ubuntu-1804: [0;32mok: [localhost] => (item=python)[0m
I, [2018-10-17T12:08:59.414064 #30568]  INFO -- default-ubuntu-1804: [0;32mok: [localhost] => (item=python-dev)[0m
I, [2018-10-17T12:09:00.094591 #30568]  INFO -- default-ubuntu-1804: [0;32mok: [localhost] => (item=python-pip)[0m
I, [2018-10-17T12:09:00.765803 #30568]  INFO -- default-ubuntu-1804: [0;32mok: [localhost] => (item=snapd)[0m
I, [2018-10-17T12:09:01.443707 #30568]  INFO -- default-ubuntu-1804: [0;32mok: [localhost] => (item=terminator)[0m
I, [2018-10-17T12:09:02.115171 #30568]  INFO -- default-ubuntu-1804: [0;32mok: [localhost] => (item=vim)[0m
I, [2018-10-17T12:09:02.783899 #30568]  INFO -- default-ubuntu-1804: [0;32mok: [localhost] => (item=virtualbox)[0m
I, [2018-10-17T12:09:03.445749 #30568]  INFO -- default-ubuntu-1804: [0;32mok: [localhost] => (item=vlc)[0m
I, [2018-10-17T12:09:03.461245 #30568]  INFO -- default-ubuntu-1804: 
I, [2018-10-17T12:09:03.461887 #30568]  INFO -- default-ubuntu-1804: TASK [ubuntu-laptop-playbook : Snapd service] **********************************
I, [2018-10-17T12:09:03.646064 #30568]  INFO -- default-ubuntu-1804: [0;32mok: [localhost][0m
I, [2018-10-17T12:09:03.660552 #30568]  INFO -- default-ubuntu-1804: 
I, [2018-10-17T12:09:03.661175 #30568]  INFO -- default-ubuntu-1804: TASK [ubuntu-laptop-playbook : Install text editor Atom with package manager snap] ***
I, [2018-10-17T12:09:03.824306 #30568]  INFO -- default-ubuntu-1804: [0;32mok: [localhost][0m
I, [2018-10-17T12:09:03.836761 #30568]  INFO -- default-ubuntu-1804: 
I, [2018-10-17T12:09:03.837262 #30568]  INFO -- default-ubuntu-1804: TASK [ubuntu-laptop-playbook : Install aws-cli with package manager snap] ******
I, [2018-10-17T12:09:03.921915 #30568]  INFO -- default-ubuntu-1804: [0;32mok: [localhost][0m
I, [2018-10-17T12:09:03.934696 #30568]  INFO -- default-ubuntu-1804: 
I, [2018-10-17T12:09:03.935020 #30568]  INFO -- default-ubuntu-1804: TASK [ubuntu-laptop-playbook : Install Discord with package manager snap] ******
I, [2018-10-17T12:09:04.032343 #30568]  INFO -- default-ubuntu-1804: [0;32mok: [localhost][0m
I, [2018-10-17T12:09:04.045393 #30568]  INFO -- default-ubuntu-1804: 
I, [2018-10-17T12:09:04.045741 #30568]  INFO -- default-ubuntu-1804: TASK [ubuntu-laptop-playbook : Install Discord packages] ***********************
I, [2018-10-17T12:09:35.664314 #30568]  INFO -- default-ubuntu-1804: [0;33mchanged: [localhost] => (item=atom-beautify)[0m
I, [2018-10-17T12:09:39.795732 #30568]  INFO -- default-ubuntu-1804: [0;33mchanged: [localhost] => (item=atom-jinja2)[0m
I, [2018-10-17T12:09:44.315796 #30568]  INFO -- default-ubuntu-1804: [0;33mchanged: [localhost] => (item=atom-material-ui)[0m
I, [2018-10-17T12:09:47.775697 #30568]  INFO -- default-ubuntu-1804: [0;33mchanged: [localhost] => (item=busy-signal)[0m
I, [2018-10-17T12:10:01.655855 #30568]  INFO -- default-ubuntu-1804: [0;33mchanged: [localhost] => (item=git-plus)[0m
I, [2018-10-17T12:10:05.605746 #30568]  INFO -- default-ubuntu-1804: [0;33mchanged: [localhost] => (item=highlight-selected)[0m
I, [2018-10-17T12:10:10.225859 #30568]  INFO -- default-ubuntu-1804: [0;33mchanged: [localhost] => (item=intentions)[0m
I, [2018-10-17T12:10:13.895847 #30568]  INFO -- default-ubuntu-1804: [0;33mchanged: [localhost] => (item=language-ansible)[0m
I, [2018-10-17T12:10:18.385284 #30568]  INFO -- default-ubuntu-1804: [0;33mchanged: [localhost] => (item=language-chef)[0m
I, [2018-10-17T12:10:21.885714 #30568]  INFO -- default-ubuntu-1804: [0;33mchanged: [localhost] => (item=language-docker)[0m
I, [2018-10-17T12:10:25.425779 #30568]  INFO -- default-ubuntu-1804: [0;33mchanged: [localhost] => (item=language-puppet)[0m
I, [2018-10-17T12:10:29.235948 #30568]  INFO -- default-ubuntu-1804: [0;33mchanged: [localhost] => (item=language-terraform)[0m
I, [2018-10-17T12:10:33.224634 #30568]  INFO -- default-ubuntu-1804: [0;33mchanged: [localhost] => (item=linter)[0m
I, [2018-10-17T12:10:37.273057 #30568]  INFO -- default-ubuntu-1804: [0;33mchanged: [localhost] => (item=linter-ansible-linting)[0m
I, [2018-10-17T12:10:42.516322 #30568]  INFO -- default-ubuntu-1804: [0;33mchanged: [localhost] => (item=linter-docker)[0m
I, [2018-10-17T12:10:46.485773 #30568]  INFO -- default-ubuntu-1804: [0;33mchanged: [localhost] => (item=linter-erb)[0m
I, [2018-10-17T12:11:03.335694 #30568]  INFO -- default-ubuntu-1804: [0;33mchanged: [localhost] => (item=linter-markdown)[0m
I, [2018-10-17T12:11:07.155780 #30568]  INFO -- default-ubuntu-1804: [0;33mchanged: [localhost] => (item=linter-puppet-lint)[0m
I, [2018-10-17T12:11:11.625676 #30568]  INFO -- default-ubuntu-1804: [0;33mchanged: [localhost] => (item=linter-ui-default)[0m
I, [2018-10-17T12:11:17.343349 #30568]  INFO -- default-ubuntu-1804: [0;33mchanged: [localhost] => (item=minimap)[0m
I, [2018-10-17T12:11:17.357259 #30568]  INFO -- default-ubuntu-1804: 
I, [2018-10-17T12:11:17.357586 #30568]  INFO -- default-ubuntu-1804: TASK [ubuntu-laptop-playbook : Install packages requirement for Docker] ********
I, [2018-10-17T12:11:20.973959 #30568]  INFO -- default-ubuntu-1804: [0;33mchanged: [localhost] => (item=apt-transport-https)[0m
I, [2018-10-17T12:11:21.635714 #30568]  INFO -- default-ubuntu-1804: [0;32mok: [localhost] => (item=ca-certificates)[0m
I, [2018-10-17T12:11:22.315772 #30568]  INFO -- default-ubuntu-1804: [0;32mok: [localhost] => (item=curl)[0m
I, [2018-10-17T12:11:22.990334 #30568]  INFO -- default-ubuntu-1804: [0;32mok: [localhost] => (item=software-properties-common)[0m
I, [2018-10-17T12:11:23.003917 #30568]  INFO -- default-ubuntu-1804: 
I, [2018-10-17T12:11:23.004229 #30568]  INFO -- default-ubuntu-1804: TASK [ubuntu-laptop-playbook : Add an Docker signing key on Debian] ************
I, [2018-10-17T12:11:23.805918 #30568]  INFO -- default-ubuntu-1804: [0;33mchanged: [localhost][0m
I, [2018-10-17T12:11:23.820737 #30568]  INFO -- default-ubuntu-1804: 
I, [2018-10-17T12:11:23.821212 #30568]  INFO -- default-ubuntu-1804: TASK [ubuntu-laptop-playbook : Add Docker repository on Debian] ****************
I, [2018-10-17T12:11:29.183373 #30568]  INFO -- default-ubuntu-1804: [0;33mchanged: [localhost][0m
I, [2018-10-17T12:11:29.196196 #30568]  INFO -- default-ubuntu-1804: 
I, [2018-10-17T12:11:29.196584 #30568]  INFO -- default-ubuntu-1804: TASK [ubuntu-laptop-playbook : Install docker] *********************************
I, [2018-10-17T12:11:55.073537 #30568]  INFO -- default-ubuntu-1804: [0;33mchanged: [localhost][0m
I, [2018-10-17T12:11:55.086324 #30568]  INFO -- default-ubuntu-1804: 
I, [2018-10-17T12:11:55.086752 #30568]  INFO -- default-ubuntu-1804: TASK [ubuntu-laptop-playbook : Service docker] *********************************
I, [2018-10-17T12:11:55.194558 #30568]  INFO -- default-ubuntu-1804: [0;32mok: [localhost][0m
I, [2018-10-17T12:11:55.207745 #30568]  INFO -- default-ubuntu-1804: 
I, [2018-10-17T12:11:55.208028 #30568]  INFO -- default-ubuntu-1804: TASK [ubuntu-laptop-playbook : Install docker-compose] *************************
I, [2018-10-17T12:12:04.266002 #30568]  INFO -- default-ubuntu-1804: [0;33mchanged: [localhost][0m
I, [2018-10-17T12:12:04.280417 #30568]  INFO -- default-ubuntu-1804: 
I, [2018-10-17T12:12:04.280873 #30568]  INFO -- default-ubuntu-1804: TASK [ubuntu-laptop-playbook : Add Google cloud repository signing key on Debian] ***
I, [2018-10-17T12:12:04.911912 #30568]  INFO -- default-ubuntu-1804: [0;33mchanged: [localhost][0m
I, [2018-10-17T12:12:04.924590 #30568]  INFO -- default-ubuntu-1804: 
I, [2018-10-17T12:12:04.924887 #30568]  INFO -- default-ubuntu-1804: TASK [ubuntu-laptop-playbook : Add Google cloud repository on Debian] **********
I, [2018-10-17T12:12:09.926063 #30568]  INFO -- default-ubuntu-1804: [0;33mchanged: [localhost][0m
I, [2018-10-17T12:12:09.940000 #30568]  INFO -- default-ubuntu-1804: 
I, [2018-10-17T12:12:09.940256 #30568]  INFO -- default-ubuntu-1804: TASK [ubuntu-laptop-playbook : Install sdk for Google cloud] *******************
I, [2018-10-17T12:13:02.002988 #30568]  INFO -- default-ubuntu-1804: [0;33mchanged: [localhost] => (item=google-cloud-sdk)[0m
I, [2018-10-17T12:13:11.038043 #30568]  INFO -- default-ubuntu-1804: [0;33mchanged: [localhost] => (item=kubectl)[0m
I, [2018-10-17T12:13:11.057849 #30568]  INFO -- default-ubuntu-1804: 
I, [2018-10-17T12:13:11.058338 #30568]  INFO -- default-ubuntu-1804: TASK [ubuntu-laptop-playbook : Install Helm with package manager snap] *********
I, [2018-10-17T12:13:15.540461 #30568]  INFO -- default-ubuntu-1804: [0;33mchanged: [localhost][0m
I, [2018-10-17T12:13:15.556852 #30568]  INFO -- default-ubuntu-1804: 
I, [2018-10-17T12:13:15.557084 #30568]  INFO -- default-ubuntu-1804: TASK [ubuntu-laptop-playbook : Minikube download] ******************************
I, [2018-10-17T12:13:33.246071 #30568]  INFO -- default-ubuntu-1804: [0;33mchanged: [localhost][0m
I, [2018-10-17T12:13:33.261911 #30568]  INFO -- default-ubuntu-1804: 
I, [2018-10-17T12:13:33.262322 #30568]  INFO -- default-ubuntu-1804: TASK [ubuntu-laptop-playbook : Add Puppetlabs signing key on Debian] ***********
I, [2018-10-17T12:13:33.932429 #30568]  INFO -- default-ubuntu-1804: [0;32mok: [localhost][0m
I, [2018-10-17T12:13:33.946312 #30568]  INFO -- default-ubuntu-1804: 
I, [2018-10-17T12:13:33.947059 #30568]  INFO -- default-ubuntu-1804: TASK [ubuntu-laptop-playbook : Add Puppetlabs repository on Debian] ************
I, [2018-10-17T12:13:36.480010 #30568]  INFO -- default-ubuntu-1804: [0;33mchanged: [localhost][0m
I, [2018-10-17T12:13:36.495469 #30568]  INFO -- default-ubuntu-1804: 
I, [2018-10-17T12:13:36.495961 #30568]  INFO -- default-ubuntu-1804: TASK [ubuntu-laptop-playbook : Install puppet-agent and puppet developpement kit] ***
I, [2018-10-17T12:13:58.603294 #30568]  INFO -- default-ubuntu-1804: [0;33mchanged: [localhost] => (item=puppet-agent)[0m
I, [2018-10-17T12:15:08.582214 #30568]  INFO -- default-ubuntu-1804: [0;33mchanged: [localhost] => (item=pdk)[0m
I, [2018-10-17T12:15:08.600910 #30568]  INFO -- default-ubuntu-1804: 
I, [2018-10-17T12:15:08.601396 #30568]  INFO -- default-ubuntu-1804: TASK [ubuntu-laptop-playbook : Install Slack with package manager snap] ********
I, [2018-10-17T12:15:58.432479 #30568]  INFO -- default-ubuntu-1804: [0;33mchanged: [localhost][0m
I, [2018-10-17T12:15:58.446871 #30568]  INFO -- default-ubuntu-1804: 
I, [2018-10-17T12:15:58.447193 #30568]  INFO -- default-ubuntu-1804: TASK [ubuntu-laptop-playbook : Install Spotify with package manager snap] ******
